<?xml version="1.0" encoding="utf-8"?><testsuites><testsuite name="pytest" errors="0" failures="0" skipped="0" tests="4" time="0.042" timestamp="2024-07-20T21:05:49.571546" hostname="LAPTOP-E3GPSS8Q"><testcase classname="test_shapes" name="test_rec_area" time="0.001" /><testcase classname="test_shapes" name="test_rec_peri" time="0.001" /><testcase classname="test_shapes" name="test_cir_area" time="0.001" /><testcase classname="test_shapes" name="test_cir_peri" time="0.001" /></testsuite></testsuites>